<?xml version="1.0" encoding="UTF-8"?>
<testsuite name="org.example.service.TodoServiceTest" tests="3" skipped="0" failures="0" errors="0" timestamp="2022-06-02T07:17:54" hostname="yhg-X540UA" time="0.819">
  <properties/>
  <testcase name="searchById()" classname="org.example.service.TodoServiceTest" time="0.801"/>
  <testcase name="searchByIdFailed()" classname="org.example.service.TodoServiceTest" time="0.008"/>
  <testcase name="add()" classname="org.example.service.TodoServiceTest" time="0.007"/>
  <system-out><![CDATA[]]></system-out>
  <system-err><![CDATA[]]></system-err>
</testsuite>
